#
# A fatal error has been detected by the Java Runtime Environment:
#
#  EXCEPTION_ACCESS_VIOLATION (0xc0000005) at pc=0x00000000696d8f34, pid=6016, tid=1044
#
# JRE version: 7.0_17-b02
# Java VM: Java HotSpot(TM) 64-Bit Server VM (23.7-b01 mixed mode windows-amd64 compressed oops)
# Problematic frame:
# V  [jvm.dll+0x108f34]
#
# Failed to write core dump. Minidumps are not enabled by default on client versions of Windows
#
# If you would like to submit a bug report, please visit:
#   http://bugreport.sun.com/bugreport/crash.jsp
#

---------------  T H R E A D  ---------------

Current thread (0x000000000a9a8800):  JavaThread "JavaFX Application Thread" [_thread_in_vm, id=1044, stack(0x000000000b830000,0x000000000b930000)]

siginfo: ExceptionCode=0xc0000005, reading address 0x0000000000000000

Registers:
RAX=0x0000000000000000, RBX=0x000000000a9a8800, RCX=0x000000000a9a8800, RDX=0x000000000e1ad1f8
RSP=0x000000000b92e680, RBP=0x000000000b92e778, RSI=0x0000000000000000, RDI=0x000000000a9a89d8
R8 =0x0000000000000000, R9 =0x000000000b92e778, R10=0x0000000000000000, R11=0x0000000000000200
R12=0x000000000e1ad1f8, R13=0x00000000bf8fe8a0, R14=0x000000000b92eae0, R15=0x000000000a9a8800
RIP=0x00000000696d8f34, EFLAGS=0x0000000000010246

Top of Stack: (sp=0x000000000b92e680)
0x000000000b92e680:   000000000a9a8800 0000000000000000
0x000000000b92e690:   0000000000000000 000000005cc820f0
0x000000000b92e6a0:   000000000a9a8800 0000000000000000
0x000000000b92e6b0:   000000005cc820e0 000000000e104f40
0x000000000b92e6c0:   0000000002566ab5 000000005c2a6e38
0x000000000b92e6d0:   000000000a9a8800 000000000894cc30
0x000000000b92e6e0:   000000000000063d 0000000069ae75e0
0x000000000b92e6f0:   000000000a8b9ce0 00000000696cc9ed
0x000000000b92e700:   000000000b92e930 00000000034a133e
0x000000000b92e710:   000000000a9a8800 000000000a9a8800
0x000000000b92e720:   0000000000000000 000000005c2aed5c
0x000000000b92e730:   000000000b24b690 000000000a8b9ce0
0x000000000b92e740:   000000000a9a89d8 000000000afd08c0
0x000000000b92e750:   000000000afd08c0 000000005c622fe4
0x000000000b92e760:   000000000b24b690 000000000a9a89d8
0x000000000b92e770:   0000000000000000 000000000afd08c0 

Instructions: (pc=0x00000000696d8f34)
0x00000000696d8f14:   00 48 83 7b 08 00 48 89 5c 24 50 48 c7 44 24 58
0x00000000696d8f24:   00 00 00 00 74 0a 48 8d 4c 24 50 e8 dc 81 0f 00
0x00000000696d8f34:   48 8b 0e c7 44 24 40 0e 00 00 00 48 8b 41 10 48
0x00000000696d8f44:   8b 49 18 0f b7 50 42 e8 40 31 f0 ff 48 8d 4c 24 


Register to memory mapping:

RAX=0x0000000000000000 is an unknown value
RBX=0x000000000a9a8800 is a thread
RCX=0x000000000a9a8800 is a thread
RDX=0x000000000e1ad1f8 is a global jni handle
RSP=0x000000000b92e680 is pointing into the stack for thread: 0x000000000a9a8800
RBP=0x000000000b92e778 is pointing into the stack for thread: 0x000000000a9a8800
RSI=0x0000000000000000 is an unknown value
RDI=0x000000000a9a89d8 is an unknown value
R8 =0x0000000000000000 is an unknown value
R9 =0x000000000b92e778 is pointing into the stack for thread: 0x000000000a9a8800
R10=0x0000000000000000 is an unknown value
R11=0x0000000000000200 is an unknown value
R12=0x000000000e1ad1f8 is a global jni handle
R13=0x00000000bf8fe8a0 is an oop
{method} 
 - klass: {other class}
R14=0x000000000b92eae0 is pointing into the stack for thread: 0x000000000a9a8800
R15=0x000000000a9a8800 is a thread


Stack: [0x000000000b830000,0x000000000b930000],  sp=0x000000000b92e680,  free space=1017k
Native frames: (J=compiled Java code, j=interpreted, Vv=VM code, C=native code)
V  [jvm.dll+0x108f34]

Java frames: (J=compiled Java code, j=interpreted, Vv=VM code)
j  com.sun.webpane.webkit.network.URLLoader.twkDidReceiveData(Ljava/nio/ByteBuffer;IIJ)V+0
j  com.sun.webpane.webkit.network.URLLoader.access$1200(Ljava/nio/ByteBuffer;IIJ)V+4
j  com.sun.webpane.webkit.network.URLLoader$5.run()V+35
v  ~StubRoutines::call_stub
j  com.sun.glass.ui.win.WinApplication._runLoop([Ljava/lang/String;Lcom/sun/glass/ui/Launchable;)V+0
j  com.sun.glass.ui.win.WinApplication.access$100(Lcom/sun/glass/ui/win/WinApplication;[Ljava/lang/String;Lcom/sun/glass/ui/Launchable;)V+3
j  com.sun.glass.ui.win.WinApplication$3$1.run()V+32
j  java.lang.Thread.run()V+11
v  ~StubRoutines::call_stub

---------------  P R O C E S S  ---------------

Java Threads: ( => current thread )
  0x000000000a6f1000 JavaThread "URL-Loader-20" daemon [_thread_blocked, id=3992, stack(0x00000000115d0000,0x00000000116d0000)]
  0x000000000a6f0000 JavaThread "URL-Loader-19" daemon [_thread_blocked, id=6796, stack(0x0000000011370000,0x0000000011470000)]
  0x000000000a6ef800 JavaThread "URL-Loader-18" daemon [_thread_blocked, id=3316, stack(0x0000000011120000,0x0000000011220000)]
  0x000000000a6ee800 JavaThread "URL-Loader-17" daemon [_thread_blocked, id=6632, stack(0x0000000011220000,0x0000000011320000)]
  0x000000000a6ee000 JavaThread "URL-Loader-16" daemon [_thread_blocked, id=4592, stack(0x0000000010f80000,0x0000000011080000)]
  0x000000000a6ed000 JavaThread "URL-Loader-15" daemon [_thread_blocked, id=1100, stack(0x0000000010de0000,0x0000000010ee0000)]
  0x000000000a6ec800 JavaThread "URL-Loader-14" daemon [_thread_blocked, id=5300, stack(0x000000000fb00000,0x000000000fc00000)]
  0x000000000a6eb800 JavaThread "URL-Loader-13" daemon [_thread_blocked, id=5188, stack(0x0000000010cc0000,0x0000000010dc0000)]
  0x000000000a6eb000 JavaThread "URL-Loader-12" daemon [_thread_blocked, id=6616, stack(0x0000000010b50000,0x0000000010c50000)]
  0x000000000a6ea000 JavaThread "URL-Loader-11" daemon [_thread_blocked, id=6440, stack(0x0000000010830000,0x0000000010930000)]
  0x000000000e0ed000 JavaThread "URL-Loader-10" daemon [_thread_blocked, id=5444, stack(0x0000000010930000,0x0000000010a30000)]
  0x000000000e0ec800 JavaThread "URL-Loader-9" daemon [_thread_blocked, id=5128, stack(0x00000000106d0000,0x00000000107d0000)]
  0x000000000e0eb800 JavaThread "URL-Loader-8" daemon [_thread_blocked, id=6192, stack(0x00000000104f0000,0x00000000105f0000)]
  0x000000000e0eb000 JavaThread "URL-Loader-7" daemon [_thread_blocked, id=6416, stack(0x00000000103a0000,0x00000000104a0000)]
  0x000000000e0ea000 JavaThread "URL-Loader-6" daemon [_thread_blocked, id=7104, stack(0x0000000010250000,0x0000000010350000)]
  0x000000000e0e9800 JavaThread "URL-Loader-5" daemon [_thread_blocked, id=1296, stack(0x00000000100e0000,0x00000000101e0000)]
  0x000000000e0e8800 JavaThread "URL-Loader-4" daemon [_thread_blocked, id=4040, stack(0x000000000d3b0000,0x000000000d4b0000)]
  0x000000000e0e8000 JavaThread "URL-Loader-3" daemon [_thread_blocked, id=2652, stack(0x000000000d180000,0x000000000d280000)]
  0x000000000e0e7000 JavaThread "URL-Loader-2" daemon [_thread_blocked, id=3852, stack(0x000000000f9f0000,0x000000000faf0000)]
  0x000000000e0e6800 JavaThread "URL-Loader-1" daemon [_thread_blocked, id=6804, stack(0x000000000d2b0000,0x000000000d3b0000)]
  0x000000000b21d800 JavaThread "Java2D Disposer" daemon [_thread_blocked, id=6920, stack(0x000000000f8e0000,0x000000000f9e0000)]
  0x000000000e10f000 JavaThread "Disposer" daemon [_thread_blocked, id=6048, stack(0x000000000efa0000,0x000000000f0a0000)]
  0x000000000b26f800 JavaThread "Prism Font Disposer" daemon [_thread_blocked, id=5264, stack(0x000000000f0e0000,0x000000000f1e0000)]
  0x000000000aab5800 JavaThread "Abandoned connection cleanup thread" daemon [_thread_blocked, id=412, stack(0x000000000c390000,0x000000000c490000)]
  0x000000000aa50000 JavaThread "Thread-2" daemon [_thread_in_native, id=2684, stack(0x000000000c1c0000,0x000000000c2c0000)]
=>0x000000000a9a8800 JavaThread "JavaFX Application Thread" [_thread_in_vm, id=1044, stack(0x000000000b830000,0x000000000b930000)]
  0x000000000a9eb000 JavaThread "Disposer" daemon [_thread_blocked, id=1088, stack(0x000000000b5a0000,0x000000000b6a0000)]
  0x000000000a8ba800 JavaThread "QuantumRenderer-0" daemon [_thread_blocked, id=2616, stack(0x000000000b280000,0x000000000b380000)]
  0x000000000a9fb800 JavaThread "JavaFX-Launcher" [_thread_blocked, id=420, stack(0x000000000b420000,0x000000000b520000)]
  0x000000000890f000 JavaThread "Service Thread" daemon [_thread_blocked, id=6692, stack(0x000000000a400000,0x000000000a500000)]
  0x000000000890e800 JavaThread "C2 CompilerThread1" daemon [_thread_blocked, id=1104, stack(0x000000000a2d0000,0x000000000a3d0000)]
  0x0000000008909800 JavaThread "C2 CompilerThread0" daemon [_thread_blocked, id=6304, stack(0x000000000a0e0000,0x000000000a1e0000)]
  0x0000000008908000 JavaThread "Attach Listener" daemon [_thread_blocked, id=2420, stack(0x0000000009870000,0x0000000009970000)]
  0x0000000008901000 JavaThread "Signal Dispatcher" daemon [_thread_blocked, id=5328, stack(0x0000000009ee0000,0x0000000009fe0000)]
  0x00000000020e5000 JavaThread "Finalizer" daemon [_thread_blocked, id=2716, stack(0x0000000009dc0000,0x0000000009ec0000)]
  0x00000000020de000 JavaThread "Reference Handler" daemon [_thread_blocked, id=1720, stack(0x0000000009bb0000,0x0000000009cb0000)]
  0x0000000001ccd000 JavaThread "main" [_thread_blocked, id=5416, stack(0x0000000002420000,0x0000000002520000)]

Other Threads:
  0x0000000008882800 VMThread [stack: 0x0000000009a20000,0x0000000009b20000] [id=3460]
  0x0000000008928800 WatcherThread [stack: 0x000000000a570000,0x000000000a670000] [id=1912]

VM state:not at safepoint (normal execution)

VM Mutex/Monitor currently owned by a thread: None

Heap
 PSYoungGen      total 23040K, used 12361K [0x00000000ebb60000, 0x00000000eefe0000, 0x0000000100000000)
  eden space 13312K, 19% used [0x00000000ebb60000,0x00000000ebdf9238,0x00000000ec860000)
  from space 9728K, 99% used [0x00000000ed3c0000,0x00000000edd39260,0x00000000edd40000)
  to   space 11648K, 0% used [0x00000000ec860000,0x00000000ec860000,0x00000000ed3c0000)
 ParOldGen       total 41600K, used 14667K [0x00000000c3200000, 0x00000000c5aa0000, 0x00000000ebb60000)
  object space 41600K, 35% used [0x00000000c3200000,0x00000000c4052ec8,0x00000000c5aa0000)
 PSPermGen       total 26048K, used 26000K [0x00000000be000000, 0x00000000bf970000, 0x00000000c3200000)
  object space 26048K, 99% used [0x00000000be000000,0x00000000bf964200,0x00000000bf970000)

Card table byte_map: [0x0000000005520000,0x0000000005740000] byte_map_base: 0x0000000004f30000

Polling page: 0x0000000001c60000

Code Cache  [0x0000000002520000, 0x0000000002790000, 0x0000000005520000)
 total_blobs=1183 nmethods=459 adapters=674 free_code_cache=47513Kb largest_free_block=48595264

Compilation events (10 events):
Event: 146.569 Thread 0x000000000890e800 nmethod 481 0x000000000260dc10 code [0x000000000260dd40, 0x000000000260dd98]
Event: 146.569 Thread 0x000000000890e800  482             java.math.BigInteger::oddModPow (850 bytes)
Event: 146.573 Thread 0x0000000008909800 nmethod 477 0x00000000026be910 code [0x00000000026beba0, 0x00000000026bf648]
Event: 146.574 Thread 0x0000000008909800  483             java.util.HashMap$HashIterator::hasNext (13 bytes)
Event: 146.574 Thread 0x0000000008909800 nmethod 483 0x00000000026a94d0 code [0x00000000026a9600, 0x00000000026a9658]
Event: 146.588 Thread 0x0000000008909800  484             java.util.jar.Attributes$Name::hashCode (24 bytes)
Event: 146.616 Thread 0x0000000008909800 nmethod 484 0x00000000026b2910 code [0x00000000026b2a60, 0x00000000026b2d18]
Event: 146.621 Thread 0x0000000008909800  485             java.util.HashMap$Entry::getKey (5 bytes)
Event: 146.622 Thread 0x0000000008909800 nmethod 485 0x00000000026b26d0 code [0x00000000026b2800, 0x00000000026b2858]
Event: 146.664 Thread 0x000000000890e800 nmethod 482 0x00000000026c3f90 code [0x00000000026c4260, 0x00000000026c6308]

GC Heap History (10 events):
Event: 1.828 GC heap before
{Heap before GC invocations=2 (full 0):
 PSYoungGen      total 18176K, used 18160K [0x00000000ebb60000, 0x00000000ecfa0000, 0x0000000100000000)
  eden space 15616K, 100% used [0x00000000ebb60000,0x00000000ecaa0000,0x00000000ecaa0000)
  from space 2560K, 99% used [0x00000000ecaa0000,0x00000000ecd1c050,0x00000000ecd20000)
  to   space 2560K, 0% used [0x00000000ecd20000,0x00000000ecd20000,0x00000000ecfa0000)
 ParOldGen       total 41600K, used 908K [0x00000000c3200000, 0x00000000c5aa0000, 0x00000000ebb60000)
  object space 41600K, 2% used [0x00000000c3200000,0x00000000c32e3380,0x00000000c5aa0000)
 PSPermGen       total 21248K, used 16290K [0x00000000be000000, 0x00000000bf4c0000, 0x00000000c3200000)
  object space 21248K, 76% used [0x00000000be000000,0x00000000befe8800,0x00000000bf4c0000)
Event: 1.840 GC heap after
Heap after GC invocations=2 (full 0):
 PSYoungGen      total 18176K, used 2544K [0x00000000ebb60000, 0x00000000edee0000, 0x0000000100000000)
  eden space 15616K, 0% used [0x00000000ebb60000,0x00000000ebb60000,0x00000000ecaa0000)
  from space 2560K, 99% used [0x00000000ecd20000,0x00000000ecf9c010,0x00000000ecfa0000)
  to   space 2560K, 0% used [0x00000000ecaa0000,0x00000000ecaa0000,0x00000000ecd20000)
 ParOldGen       total 41600K, used 2415K [0x00000000c3200000, 0x00000000c5aa0000, 0x00000000ebb60000)
  object space 41600K, 5% used [0x00000000c3200000,0x00000000c345bc80,0x00000000c5aa0000)
 PSPermGen       total 21248K, used 16290K [0x00000000be000000, 0x00000000bf4c0000, 0x00000000c3200000)
  object space 21248K, 76% used [0x00000000be000000,0x00000000befe8800,0x00000000bf4c0000)
}
Event: 10.785 GC heap before
{Heap before GC invocations=3 (full 0):
 PSYoungGen      total 18176K, used 18134K [0x00000000ebb60000, 0x00000000edee0000, 0x0000000100000000)
  eden space 15616K, 99% used [0x00000000ebb60000,0x00000000eca99848,0x00000000ecaa0000)
  from space 2560K, 99% used [0x00000000ecd20000,0x00000000ecf9c010,0x00000000ecfa0000)
  to   space 2560K, 0% used [0x00000000ecaa0000,0x00000000ecaa0000,0x00000000ecd20000)
 ParOldGen       total 41600K, used 2415K [0x00000000c3200000, 0x00000000c5aa0000, 0x00000000ebb60000)
  object space 41600K, 5% used [0x00000000c3200000,0x00000000c345bc80,0x00000000c5aa0000)
 PSPermGen       total 22208K, used 22185K [0x00000000be000000, 0x00000000bf5b0000, 0x00000000c3200000)
  object space 22208K, 99% used [0x00000000be000000,0x00000000bf5aa498,0x00000000bf5b0000)
Event: 10.804 GC heap after
Heap after GC invocations=3 (full 0):
 PSYoungGen      total 18176K, used 2544K [0x00000000ebb60000, 0x00000000ecfa0000, 0x0000000100000000)
  eden space 15616K, 0% used [0x00000000ebb60000,0x00000000ebb60000,0x00000000ecaa0000)
  from space 2560K, 99% used [0x00000000ecaa0000,0x00000000ecd1c030,0x00000000ecd20000)
  to   space 2560K, 0% used [0x00000000ecd20000,0x00000000ecd20000,0x00000000ecfa0000)
 ParOldGen       total 41600K, used 6346K [0x00000000c3200000, 0x00000000c5aa0000, 0x00000000ebb60000)
  object space 41600K, 15% used [0x00000000c3200000,0x00000000c38328d8,0x00000000c5aa0000)
 PSPermGen       total 22208K, used 22185K [0x00000000be000000, 0x00000000bf5b0000, 0x00000000c3200000)
  object space 22208K, 99% used [0x00000000be000000,0x00000000bf5aa498,0x00000000bf5b0000)
}
Event: 16.648 GC heap before
{Heap before GC invocations=4 (full 0):
 PSYoungGen      total 18176K, used 18160K [0x00000000ebb60000, 0x00000000ecfa0000, 0x0000000100000000)
  eden space 15616K, 100% used [0x00000000ebb60000,0x00000000ecaa0000,0x00000000ecaa0000)
  from space 2560K, 99% used [0x00000000ecaa0000,0x00000000ecd1c030,0x00000000ecd20000)
  to   space 2560K, 0% used [0x00000000ecd20000,0x00000000ecd20000,0x00000000ecfa0000)
 ParOldGen       total 41600K, used 6346K [0x00000000c3200000, 0x00000000c5aa0000, 0x00000000ebb60000)
  object space 41600K, 15% used [0x00000000c3200000,0x00000000c38328d8,0x00000000c5aa0000)
 PSPermGen       total 24512K, used 24327K [0x00000000be000000, 0x00000000bf7f0000, 0x00000000c3200000)
  object space 24512K, 99% used [0x00000000be000000,0x00000000bf7c1ec0,0x00000000bf7f0000)
Event: 16.661 GC heap after
Heap after GC invocations=4 (full 0):
 PSYoungGen      total 18176K, used 2528K [0x00000000ebb60000, 0x00000000ecfa0000, 0x0000000100000000)
  eden space 15616K, 0% used [0x00000000ebb60000,0x00000000ebb60000,0x00000000ecaa0000)
  from space 2560K, 98% used [0x00000000ecd20000,0x00000000ecf98020,0x00000000ecfa0000)
  to   space 2560K, 0% used [0x00000000ecaa0000,0x00000000ecaa0000,0x00000000ecd20000)
 ParOldGen       total 41600K, used 13052K [0x00000000c3200000, 0x00000000c5aa0000, 0x00000000ebb60000)
  object space 41600K, 31% used [0x00000000c3200000,0x00000000c3ebf070,0x00000000c5aa0000)
 PSPermGen       total 24512K, used 24327K [0x00000000be000000, 0x00000000bf7f0000, 0x00000000c3200000)
  object space 24512K, 99% used [0x00000000be000000,0x00000000bf7c1ec0,0x00000000bf7f0000)
}
Event: 146.036 GC heap before
{Heap before GC invocations=5 (full 0):
 PSYoungGen      total 18176K, used 16478K [0x00000000ebb60000, 0x00000000ecfa0000, 0x0000000100000000)
  eden space 15616K, 89% used [0x00000000ebb60000,0x00000000ec8ff9e0,0x00000000ecaa0000)
  from space 2560K, 98% used [0x00000000ecd20000,0x00000000ecf98020,0x00000000ecfa0000)
  to   space 2560K, 0% used [0x00000000ecaa0000,0x00000000ecaa0000,0x00000000ecd20000)
 ParOldGen       total 41600K, used 13052K [0x00000000c3200000, 0x00000000c5aa0000, 0x00000000ebb60000)
  object space 41600K, 31% used [0x00000000c3200000,0x00000000c3ebf070,0x00000000c5aa0000)
 PSPermGen       total 25856K, used 25772K [0x00000000be000000, 0x00000000bf940000, 0x00000000c3200000)
  object space 25856K, 99% used [0x00000000be000000,0x00000000bf92b140,0x00000000bf940000)
Event: 146.050 GC heap after
Heap after GC invocations=5 (full 0):
 PSYoungGen      total 17792K, used 2544K [0x00000000ebb60000, 0x00000000edd40000, 0x0000000100000000)
  eden space 15232K, 0% used [0x00000000ebb60000,0x00000000ebb60000,0x00000000eca40000)
  from space 2560K, 99% used [0x00000000ecaa0000,0x00000000ecd1c010,0x00000000ecd20000)
  to   space 9728K, 0% used [0x00000000ed3c0000,0x00000000ed3c0000,0x00000000edd40000)
 ParOldGen       total 41600K, used 14334K [0x00000000c3200000, 0x00000000c5aa0000, 0x00000000ebb60000)
  object space 41600K, 34% used [0x00000000c3200000,0x00000000c3fff888,0x00000000c5aa0000)
 PSPermGen       total 25856K, used 25772K [0x00000000be000000, 0x00000000bf940000, 0x00000000c3200000)
  object space 25856K, 99% used [0x00000000be000000,0x00000000bf92b140,0x00000000bf940000)
}
Event: 146.594 GC heap before
{Heap before GC invocations=6 (full 0):
 PSYoungGen      total 17792K, used 17776K [0x00000000ebb60000, 0x00000000edd40000, 0x0000000100000000)
  eden space 15232K, 100% used [0x00000000ebb60000,0x00000000eca40000,0x00000000eca40000)
  from space 2560K, 99% used [0x00000000ecaa0000,0x00000000ecd1c010,0x00000000ecd20000)
  to   space 9728K, 0% used [0x00000000ed3c0000,0x00000000ed3c0000,0x00000000edd40000)
 ParOldGen       total 41600K, used 14334K [0x00000000c3200000, 0x00000000c5aa0000, 0x00000000ebb60000)
  object space 41600K, 34% used [0x00000000c3200000,0x00000000c3fff888,0x00000000c5aa0000)
 PSPermGen       total 26048K, used 25985K [0x00000000be000000, 0x00000000bf970000, 0x00000000c3200000)
  object space 26048K, 99% used [0x00000000be000000,0x00000000bf960670,0x00000000bf970000)
Event: 146.612 GC heap after
Heap after GC invocations=6 (full 0):
 PSYoungGen      total 23040K, used 9700K [0x00000000ebb60000, 0x00000000eefe0000, 0x0000000100000000)
  eden space 13312K, 0% used [0x00000000ebb60000,0x00000000ebb60000,0x00000000ec860000)
  from space 9728K, 99% used [0x00000000ed3c0000,0x00000000edd39260,0x00000000edd40000)
  to   space 11648K, 0% used [0x00000000ec860000,0x00000000ec860000,0x00000000ed3c0000)
 ParOldGen       total 41600K, used 14667K [0x00000000c3200000, 0x00000000c5aa0000, 0x00000000ebb60000)
  object space 41600K, 35% used [0x00000000c3200000,0x00000000c4052ec8,0x00000000c5aa0000)
 PSPermGen       total 26048K, used 25985K [0x00000000be000000, 0x00000000bf970000, 0x00000000c3200000)
  object space 26048K, 99% used [0x00000000be000000,0x00000000bf960670,0x00000000bf970000)
}

Deoptimization events (10 events):
Event: 61.951 Thread 0x000000000a9a8800 Uncommon trap -34 fr.pc 0x000000000260de68
Event: 61.951 Thread 0x000000000a9a8800 Uncommon trap -34 fr.pc 0x000000000260de68
Event: 65.467 Thread 0x000000000b248800 Uncommon trap -34 fr.pc 0x00000000025d5974
Event: 65.467 Thread 0x000000000b248800 Uncommon trap -34 fr.pc 0x00000000025d5974
Event: 65.467 Thread 0x000000000b248800 Uncommon trap -34 fr.pc 0x00000000025d5974
Event: 65.467 Thread 0x000000000b248800 Uncommon trap -34 fr.pc 0x00000000025d5974
Event: 145.487 Thread 0x000000000a9a8800 Uncommon trap -83 fr.pc 0x00000000026a6b5c
Event: 146.020 Thread 0x000000000a9a8800 Uncommon trap -12 fr.pc 0x0000000002659028
Event: 146.027 Thread 0x000000000a9a8800 Uncommon trap -34 fr.pc 0x00000000026a7f00
Event: 146.035 Thread 0x000000000a9a8800 Uncommon trap -83 fr.pc 0x000000000266b3ec

Internal exceptions (10 events):
Event: 16.258 Thread 0x000000000b0c7800 Threw 0x00000000ec12c530 at C:\jdk7u2_64p\jdk7u17\hotspot\src\share\vm\prims\jni.cpp:716
Event: 16.262 Thread 0x000000000b0c7800 Threw 0x00000000ec149fc8 at C:\jdk7u2_64p\jdk7u17\hotspot\src\share\vm\prims\jni.cpp:716
Event: 16.336 Thread 0x000000000b0c7800 Threw 0x00000000ec2262d0 at C:\jdk7u2_64p\jdk7u17\hotspot\src\share\vm\prims\jni.cpp:742
Event: 16.365 Thread 0x000000000b0c7800 Implicit null exception at 0x00000000025e8110 to 0x00000000025e8191
Event: 16.369 Thread 0x000000000b0c7800 Implicit null exception at 0x0000000002632160 to 0x00000000026321cd
Event: 18.505 Thread 0x000000000b0c7800 Threw 0x00000000ebe8d248 at C:\jdk7u2_64p\jdk7u17\hotspot\src\share\vm\prims\jni.cpp:716
Event: 18.506 Thread 0x000000000b0c7800 Threw 0x00000000ebe8dca8 at C:\jdk7u2_64p\jdk7u17\hotspot\src\share\vm\prims\jni.cpp:716
Event: 63.866 Thread 0x000000000b248800 Threw 0x00000000ec379128 at C:\jdk7u2_64p\jdk7u17\hotspot\src\share\vm\prims\jni.cpp:742
Event: 146.020 Thread 0x000000000a9a8800 Implicit null exception at 0x0000000002656088 to 0x0000000002659011
Event: 146.677 Thread 0x000000000a9a8800 Threw 0x00000000ebb9bb50 at C:\jdk7u2_64p\jdk7u17\hotspot\src\share\vm\prims\jni.cpp:1597

Events (10 events):
Event: 146.621 Executing VM operation: BulkRevokeBias
Event: 146.622 Executing VM operation: BulkRevokeBias done
Event: 146.634 Executing VM operation: BulkRevokeBias
Event: 146.634 Executing VM operation: BulkRevokeBias done
Event: 146.676 loading class 0x000000000e106520
Event: 146.676 loading class 0x000000000e106520 done
Event: 146.676 loading class 0x000000000e0d9df0
Event: 146.676 loading class 0x000000000e0d9df0 done
Event: 146.677 loading class 0x000000000e0d9db0
Event: 146.677 loading class 0x000000000e0d9db0 done


Dynamic libraries:
0x000000013ff40000 - 0x000000013ff73000 	C:\Program Files\Java\jdk1.7.0_17\bin\java.exe
0x0000000077730000 - 0x00000000778db000 	C:\windows\SYSTEM32\ntdll.dll
0x0000000077510000 - 0x000000007762f000 	C:\windows\system32\kernel32.dll
0x000007fefd8f0000 - 0x000007fefd95b000 	C:\windows\system32\KERNELBASE.dll
0x000007fefde10000 - 0x000007fefdeeb000 	C:\windows\system32\ADVAPI32.dll
0x000007feff530000 - 0x000007feff5cf000 	C:\windows\system32\msvcrt.dll
0x000007feff500000 - 0x000007feff51f000 	C:\windows\SYSTEM32\sechost.dll
0x000007feff620000 - 0x000007feff74e000 	C:\windows\system32\RPCRT4.dll
0x0000000077630000 - 0x000000007772a000 	C:\windows\system32\USER32.dll
0x000007feff280000 - 0x000007feff2e7000 	C:\windows\system32\GDI32.dll
0x000007feff520000 - 0x000007feff52e000 	C:\windows\system32\LPK.dll
0x000007fefdef0000 - 0x000007fefdfba000 	C:\windows\system32\USP10.dll
0x000007fefbbd0000 - 0x000007fefbdc4000 	C:\windows\WinSxS\amd64_microsoft.windows.common-controls_6595b64144ccf1df_6.0.7600.16385_none_fa645303170382f6\COMCTL32.dll
0x000007fefdd90000 - 0x000007fefde01000 	C:\windows\system32\SHLWAPI.dll
0x000007fefdd10000 - 0x000007fefdd3e000 	C:\windows\system32\IMM32.DLL
0x000007feff750000 - 0x000007feff859000 	C:\windows\system32\MSCTF.dll
0x000000006a840000 - 0x000000006a911000 	C:\Program Files\Java\jdk1.7.0_17\jre\bin\msvcr100.dll
0x00000000695d0000 - 0x0000000069cef000 	C:\Program Files\Java\jdk1.7.0_17\jre\bin\server\jvm.dll
0x000007fefabb0000 - 0x000007fefabb9000 	C:\windows\system32\WSOCK32.dll
0x000007feff5d0000 - 0x000007feff61d000 	C:\windows\system32\WS2_32.dll
0x000007fefdd00000 - 0x000007fefdd08000 	C:\windows\system32\NSI.dll
0x000007fefad60000 - 0x000007fefad9b000 	C:\windows\system32\WINMM.dll
0x0000000077900000 - 0x0000000077907000 	C:\windows\system32\PSAPI.DLL
0x000000006f340000 - 0x000000006f34f000 	C:\Program Files\Java\jdk1.7.0_17\jre\bin\verify.dll
0x000000006f310000 - 0x000000006f338000 	C:\Program Files\Java\jdk1.7.0_17\jre\bin\java.dll
0x000000006d2b0000 - 0x000000006d2c5000 	C:\Program Files\Java\jdk1.7.0_17\jre\bin\zip.dll
0x0000000065960000 - 0x0000000065a31000 	C:\Program Files\Java\jdk1.7.0_17\bin\msvcr100.dll
0x000000006a650000 - 0x000000006a682000 	C:\Program Files\Java\jre7\bin\glass.dll
0x000007feff1e0000 - 0x000007feff278000 	C:\windows\system32\COMDLG32.dll
0x000007fefe0f0000 - 0x000007fefee76000 	C:\windows\system32\SHELL32.dll
0x000007feff2f0000 - 0x000007feff4f1000 	C:\windows\system32\ole32.dll
0x000007fefee80000 - 0x000007fefef57000 	C:\windows\system32\OLEAUT32.dll
0x000007fefba10000 - 0x000007fefba66000 	C:\windows\system32\uxtheme.dll
0x0000000180000000 - 0x0000000180054000 	C:\Program Files (x86)\Lenovo\Onekey Theater\ActiveDetect64.dll
0x00000000021b0000 - 0x00000000021db000 	C:\Program Files (x86)\Lenovo\Onekey Theater\WindowsApiHookDll64.dll
0x000007fefc760000 - 0x000007fefc76c000 	C:\windows\system32\VERSION.dll
0x000007fefb510000 - 0x000007fefb528000 	C:\windows\system32\dwmapi.dll
0x000007fefd5c0000 - 0x000007fefd5cf000 	C:\windows\system32\CRYPTBASE.dll
0x000000006d2d0000 - 0x000000006d2e9000 	C:\Program Files\Java\jdk1.7.0_17\jre\bin\net.dll
0x000007fefcf00000 - 0x000007fefcf54000 	C:\windows\system32\mswsock.dll
0x000007fefcef0000 - 0x000007fefcef7000 	C:\windows\System32\wship6.dll
0x000000006d270000 - 0x000000006d281000 	C:\Program Files\Java\jdk1.7.0_17\jre\bin\nio.dll
0x000007fefc880000 - 0x000007fefc887000 	C:\windows\System32\wshtcpip.dll
0x000007fefcd80000 - 0x000007fefcddb000 	C:\windows\system32\DNSAPI.dll
0x000007fef8b90000 - 0x000007fef8bbf000 	C:\Program Files\Common Files\Microsoft Shared\Windows Live\WLIDNSP.DLL
0x000007fefbb40000 - 0x000007fefbb67000 	C:\windows\system32\IPHLPAPI.DLL
0x000007fefbb30000 - 0x000007fefbb3b000 	C:\windows\system32\WINNSI.DLL
0x000007fef8b80000 - 0x000007fef8b88000 	C:\windows\system32\rasadhlp.dll
0x000007fefb630000 - 0x000007fefb683000 	C:\windows\System32\fwpuclnt.dll
0x000007fefdae0000 - 0x000007fefdb79000 	C:\windows\system32\CLBCatQ.DLL
0x000007fefa5e0000 - 0x000007fefa70a000 	C:\windows\system32\WindowsCodecs.dll
0x000007fefd560000 - 0x000007fefd5b7000 	C:\windows\system32\apphelp.dll
0x000007fef74f0000 - 0x000007fef772b000 	C:\PROGRA~1\MIF5BA~1\Office15\GROOVEEX.DLL
0x0000000072210000 - 0x00000000722a8000 	C:\windows\system32\MSVCP100.dll
0x00000000746c0000 - 0x00000000746eb000 	C:\windows\system32\ATL100.DLL
0x000007fef71d0000 - 0x000007fef74e6000 	C:\windows\system32\msi.dll
0x000007fef6690000 - 0x000007fef66ba000 	C:\Users\Admin\AppData\Roaming\Dropbox\bin\DropboxExt64.17.dll
0x000007fef6560000 - 0x000007fef6685000 	C:\windows\system32\dbghelp.dll
0x000000006f850000 - 0x000000006f923000 	C:\windows\WinSxS\amd64_microsoft.vc90.crt_1fc8b3b9a1e18e3b_9.0.30729.4926_none_08e1a05ba83fe554\MSVCP90.dll
0x000000006f7b0000 - 0x000000006f84d000 	C:\windows\WinSxS\amd64_microsoft.vc90.crt_1fc8b3b9a1e18e3b_9.0.30729.4926_none_08e1a05ba83fe554\MSVCR90.dll
0x000007fef6520000 - 0x000007fef6555000 	C:\windows\system32\EhStorShell.dll
0x000007feff860000 - 0x000007feffa37000 	C:\windows\system32\SETUPAPI.dll
0x000007fefd980000 - 0x000007fefd9b6000 	C:\windows\system32\CFGMGR32.dll
0x000007fefd960000 - 0x000007fefd97a000 	C:\windows\system32\DEVOBJ.dll
0x000007fefc320000 - 0x000007fefc44c000 	C:\windows\system32\PROPSYS.dll
0x000007fef6460000 - 0x000007fef6520000 	C:\Program Files (x86)\Google\Drive\googledrivesync64.dll
0x000000006f6d0000 - 0x000000006f7a3000 	C:\Program Files (x86)\Google\Drive\Microsoft.VC90.CRT\MSVCP90.dll
0x000000006f620000 - 0x000000006f6c3000 	C:\Program Files (x86)\Google\Drive\Microsoft.VC90.CRT\MSVCR90.dll
0x000007fef4c50000 - 0x000007fef4cd0000 	C:\windows\system32\ntshrui.dll
0x000007fefd2c0000 - 0x000007fefd2e3000 	C:\windows\system32\srvcli.dll
0x000007fef79a0000 - 0x000007fef79af000 	C:\windows\system32\cscapi.dll
0x000007fefc1b0000 - 0x000007fefc1bb000 	C:\windows\system32\slc.dll
0x000000000cc80000 - 0x000000000cdf5000 	C:\windows\system32\IcnOvrly.dll
0x000007fef89f0000 - 0x000007fef8a1d000 	C:\Program Files\Common Files\Microsoft Shared\Ink\rtscom.dll
0x0000000010000000 - 0x0000000010065000 	C:\Program Files\Lenovo\Bluetooth Software\btmmhook.dll
0x0000000069040000 - 0x000000006908f000 	C:\Program Files\Java\jre7\bin\javafx-font.dll
0x0000000067b50000 - 0x0000000067be2000 	C:\Program Files\Java\jre7\bin\libxml2.dll
0x0000000068ef0000 - 0x0000000068f23000 	C:\Program Files\Java\jre7\bin\libxslt.dll
0x000000005c290000 - 0x000000005d0c7000 	C:\Program Files\Java\jre7\bin\jfxwebkit.dll
0x000000006a1b0000 - 0x000000006a343000 	C:\Program Files\Java\jdk1.7.0_17\jre\bin\awt.dll
0x000000006cb70000 - 0x000000006cb9a000 	C:\Program Files\Java\jdk1.7.0_17\jre\bin\dcpr.dll
0x00000000750d0000 - 0x0000000075104000 	C:\Program Files\Java\jdk1.7.0_17\jre\bin\fontmanager.dll
0x000000006cc40000 - 0x000000006cc81000 	C:\Program Files\Java\jdk1.7.0_17\jre\bin\t2k.dll
0x000000006cd70000 - 0x000000006cd86000 	C:\Program Files\Java\jre7\bin\decora-sse.dll
0x0000000009970000 - 0x00000000099a1000 	C:\Program Files\Lenovo\Bluetooth Software\btkeyind.dll
0x000007fefc5a0000 - 0x000007fefc5b5000 	C:\windows\system32\NLAapi.dll
0x000007fef8350000 - 0x000007fef835b000 	C:\windows\System32\winrnr.dll
0x000007fef8330000 - 0x000007fef8345000 	C:\windows\system32\napinsp.dll
0x000007fef8310000 - 0x000007fef8329000 	C:\windows\system32\pnrpnsp.dll
0x000007fef8300000 - 0x000007fef8310000 	C:\windows\system32\wshbth.dll
0x000000006a590000 - 0x000000006a5b4000 	C:\Program Files\Java\jdk1.7.0_17\jre\bin\sunec.dll
0x000000006cbf0000 - 0x000000006cbfb000 	C:\Program Files\Java\jdk1.7.0_17\jre\bin\sunmscapi.dll
0x000000000fc10000 - 0x000000000fd76000 	C:\windows\system32\CRYPT32.dll
0x000007fefd730000 - 0x000007fefd73f000 	C:\windows\system32\MSASN1.dll
0x000007fefcf60000 - 0x000007fefcf77000 	C:\windows\system32\CRYPTSP.dll
0x000007fefcc20000 - 0x000007fefcc67000 	C:\windows\system32\rsaenh.dll
0x000007fefc990000 - 0x000007fefc9ae000 	C:\windows\system32\USERENV.dll
0x000007fefd690000 - 0x000007fefd69f000 	C:\windows\system32\profapi.dll

VM Arguments:
jvm_args: -Dfile.encoding=UTF-8 
java_command: com.javafx.main.Main
Launcher Type: SUN_STANDARD

Environment Variables:
JAVA_HOME=C:\Program Files\Java\jre7\bin;
PATH=C:\Program Files\Common Files\Microsoft Shared\Windows Live;C:\Program Files (x86)\Common Files\Microsoft Shared\Windows Live;C:\windows\system32;C:\windows;C:\windows\System32\Wbem;C:\windows\System32\WindowsPowerShell\v1.0\;C:\Program Files (x86)\ATI Technologies\ATI.ACE\Core-Static;C:\Program Files\Lenovo\Bluetooth Software\;C:\Program Files\Lenovo\Bluetooth Software\syswow64;C:\Program Files\Intel\WiFi\bin\;C:\Program Files\Common Files\Intel\WirelessCommon\;C:\Program Files (x86)\Windows Live\Shared;C:\Program Files\Java\jre7\bin;C:\Program Files (x86)\Rational\common
USERNAME=Admin
OS=Windows_NT
PROCESSOR_IDENTIFIER=Intel64 Family 6 Model 37 Stepping 5, GenuineIntel



---------------  S Y S T E M  ---------------

OS: Windows 7 , 64 bit Build 7600 

CPU:total 4 (2 cores per cpu, 2 threads per core) family 6 model 37 stepping 5, cmov, cx8, fxsr, mmx, sse, sse2, sse3, ssse3, sse4.1, sse4.2, popcnt, ht, tsc, tscinvbit

Memory: 4k page, physical 3985896k(969716k free), swap 7969892k(3922952k free)

vm_info: Java HotSpot(TM) 64-Bit Server VM (23.7-b01) for windows-amd64 JRE (1.7.0_17-b02), built on Mar  1 2013 03:38:30 by "java_re" with unknown MS VC++:1600

time: Tue Apr 23 19:17:16 2013
elapsed time: 146 seconds

