#
# A fatal error has been detected by the Java Runtime Environment:
#
#  EXCEPTION_ACCESS_VIOLATION (0xc0000005) at pc=0x575e28eb, pid=9564, tid=8844
#
# JRE version: 7.0_17-b02
# Java VM: Java HotSpot(TM) Client VM (23.7-b01 mixed mode, sharing windows-x86 )
# Problematic frame:
# V  [jvm.dll+0xb28eb]
#
# Failed to write core dump. Minidumps are not enabled by default on client versions of Windows
#
# If you would like to submit a bug report, please visit:
#   http://bugreport.sun.com/bugreport/crash.jsp
#

---------------  T H R E A D  ---------------

Current thread (0x01171000):  JavaThread "JavaFX Application Thread" [_thread_in_vm, id=8844, stack(0x041d0000,0x04220000)]

siginfo: ExceptionCode=0xc0000005, reading address 0x00000000

Registers:
EAX=0x00000000, EBX=0x01171128, ECX=0x01171000, EDX=0x577bc4b8
ESP=0x0421ef08, EBP=0x0421ef50, ESI=0x01171000, EDI=0x00000000
EIP=0x575e28eb, EFLAGS=0x00210246

Top of Stack: (sp=0x0421ef08)
0x0421ef08:   00c9db18 01171128 00000000 575da2b6
0x0421ef18:   01171000 0421ef50 0421ef54 57533d23
0x0421ef28:   01171000 ae605ecf 00c691f8 0421ef68
0x0421ef38:   57533d23 01171000 01171000 00ca4440
0x0421ef48:   0000063d 577bc4b8 04f0bdc0 55e8b6fe
0x0421ef58:   01171128 00c69848 00000000 0421ef78
0x0421ef68:   561c0e8d 01171128 00c69848 00000000
0x0421ef78:   00c9db18 00000000 04f0bdc0 00000000 

Instructions: (pc=0x575e28eb)
0x575e28cb:   f5 ff 83 c4 08 83 7e 04 00 89 75 f0 c7 45 f4 00
0x575e28db:   00 00 00 74 08 8d 4d f0 e8 d8 a7 0b 00 8b 7d 10
0x575e28eb:   8b 0f c7 45 e0 0e 00 00 00 e8 a7 81 f5 ff 50 8d
0x575e28fb:   4d c4 e8 0e d8 08 00 8b 55 0c 8b 45 14 56 8d 4d 


Register to memory mapping:

EAX=0x00000000 is an unknown value
EBX=0x01171128 is an unknown value
ECX=0x01171000 is a thread
EDX=0x577bc4b8 is an unknown value
ESP=0x0421ef08 is pointing into the stack for thread: 0x01171000
EBP=0x0421ef50 is pointing into the stack for thread: 0x01171000
ESI=0x01171000 is a thread
EDI=0x00000000 is an unknown value


Stack: [0x041d0000,0x04220000],  sp=0x0421ef08,  free space=315k
Native frames: (J=compiled Java code, j=interpreted, Vv=VM code, C=native code)
V  [jvm.dll+0xb28eb]

Java frames: (J=compiled Java code, j=interpreted, Vv=VM code)
j  com.sun.webpane.webkit.network.URLLoader.twkDidReceiveData(Ljava/nio/ByteBuffer;IIJ)V+0
j  com.sun.webpane.webkit.network.URLLoader.access$1200(Ljava/nio/ByteBuffer;IIJ)V+4
j  com.sun.webpane.webkit.network.URLLoader$5.run()V+35
v  ~StubRoutines::call_stub
j  com.sun.glass.ui.win.WinApplication._runLoop([Ljava/lang/String;Lcom/sun/glass/ui/Launchable;)V+0
j  com.sun.glass.ui.win.WinApplication.access$100(Lcom/sun/glass/ui/win/WinApplication;[Ljava/lang/String;Lcom/sun/glass/ui/Launchable;)V+3
j  com.sun.glass.ui.win.WinApplication$3$1.run()V+32
j  java.lang.Thread.run()V+11
v  ~StubRoutines::call_stub

---------------  P R O C E S S  ---------------

Java Threads: ( => current thread )
  0x04feb000 JavaThread "URL-Loader-20" daemon [_thread_blocked, id=6876, stack(0x06250000,0x062a0000)]
  0x04fea800 JavaThread "URL-Loader-19" daemon [_thread_blocked, id=8540, stack(0x061f0000,0x06240000)]
  0x04fea000 JavaThread "URL-Loader-18" daemon [_thread_blocked, id=8604, stack(0x061a0000,0x061f0000)]
  0x04fe9c00 JavaThread "URL-Loader-17" daemon [_thread_blocked, id=5412, stack(0x06050000,0x060a0000)]
  0x04fe9400 JavaThread "URL-Loader-16" daemon [_thread_blocked, id=8900, stack(0x060e0000,0x06130000)]
  0x04fe9000 JavaThread "URL-Loader-15" daemon [_thread_blocked, id=9104, stack(0x06000000,0x06050000)]
  0x04fe8800 JavaThread "URL-Loader-14" daemon [_thread_blocked, id=8792, stack(0x05b30000,0x05b80000)]
  0x04fe8400 JavaThread "URL-Loader-13" daemon [_thread_blocked, id=9004, stack(0x05fb0000,0x06000000)]
  0x04fe7c00 JavaThread "URL-Loader-12" daemon [_thread_blocked, id=9236, stack(0x05e10000,0x05e60000)]
  0x04fe7400 JavaThread "URL-Loader-11" daemon [_thread_blocked, id=6296, stack(0x05ed0000,0x05f20000)]
  0x04fe7000 JavaThread "URL-Loader-10" daemon [_thread_blocked, id=8100, stack(0x05f20000,0x05f70000)]
  0x04fe6800 JavaThread "URL-Loader-9" daemon [_thread_blocked, id=7556, stack(0x054f0000,0x05540000)]
  0x04fe6400 JavaThread "URL-Loader-8" daemon [_thread_blocked, id=8892, stack(0x05ad0000,0x05b20000)]
  0x04fe5c00 JavaThread "URL-Loader-7" daemon [_thread_blocked, id=3060, stack(0x05c10000,0x05c60000)]
  0x04fe5800 JavaThread "URL-Loader-6" daemon [_thread_blocked, id=9364, stack(0x05190000,0x051e0000)]
  0x04fe5000 JavaThread "URL-Loader-5" daemon [_thread_blocked, id=3068, stack(0x05db0000,0x05e00000)]
  0x04fe4800 JavaThread "URL-Loader-4" daemon [_thread_blocked, id=3228, stack(0x05d40000,0x05d90000)]
  0x04fe4400 JavaThread "URL-Loader-3" daemon [_thread_blocked, id=2176, stack(0x05c90000,0x05ce0000)]
  0x01061000 JavaThread "URL-Loader-2" daemon [_thread_blocked, id=9212, stack(0x05bb0000,0x05c00000)]
  0x04e81400 JavaThread "URL-Loader-1" daemon [_thread_blocked, id=10204, stack(0x05a60000,0x05ab0000)]
  0x04f22800 JavaThread "Java2D Disposer" daemon [_thread_blocked, id=8732, stack(0x05330000,0x05380000)]
  0x04f0f800 JavaThread "Disposer" daemon [_thread_blocked, id=9876, stack(0x05560000,0x055b0000)]
  0x04e26400 JavaThread "Prism Font Disposer" daemon [_thread_blocked, id=9292, stack(0x053b0000,0x05400000)]
  0x011c2000 JavaThread "Abandoned connection cleanup thread" daemon [_thread_blocked, id=7284, stack(0x048d0000,0x04920000)]
  0x0117d800 JavaThread "Thread-2" daemon [_thread_in_native, id=7336, stack(0x04690000,0x046e0000)]
=>0x01171000 JavaThread "JavaFX Application Thread" [_thread_in_vm, id=8844, stack(0x041d0000,0x04220000)]
  0x01170c00 JavaThread "Disposer" daemon [_thread_blocked, id=7112, stack(0x04130000,0x04180000)]
  0x0116bc00 JavaThread "QuantumRenderer-0" daemon [_thread_blocked, id=1820, stack(0x012d0000,0x01320000)]
  0x0111a400 JavaThread "JavaFX-Launcher" [_thread_blocked, id=8976, stack(0x04030000,0x04080000)]
  0x01028800 JavaThread "Service Thread" daemon [_thread_blocked, id=4752, stack(0x01330000,0x01380000)]
  0x00c7f400 JavaThread "C1 CompilerThread0" daemon [_thread_blocked, id=1916, stack(0x00f00000,0x00f50000)]
  0x00c7e000 JavaThread "Attach Listener" daemon [_thread_blocked, id=7604, stack(0x00fd0000,0x01020000)]
  0x00c7b000 JavaThread "Signal Dispatcher" daemon [_thread_blocked, id=6044, stack(0x00cf0000,0x00d40000)]
  0x00c5b000 JavaThread "Finalizer" daemon [_thread_blocked, id=8344, stack(0x00d70000,0x00dc0000)]
  0x00c56400 JavaThread "Reference Handler" daemon [_thread_blocked, id=8240, stack(0x00eb0000,0x00f00000)]
  0x00aab000 JavaThread "main" [_thread_blocked, id=6524, stack(0x00920000,0x00970000)]

Other Threads:
  0x00c54000 VMThread [stack: 0x00e10000,0x00e60000] [id=9072]
  0x00c86000 WatcherThread [stack: 0x01380000,0x013d0000] [id=10172]

VM state:not at safepoint (normal execution)

VM Mutex/Monitor currently owned by a thread: None

Heap
 def new generation   total 9280K, used 7338K [0x23860000, 0x24270000, 0x28db0000)
  eden space 8256K,  76% used [0x23860000, 0x23e8a920, 0x24070000)
  from space 1024K, 100% used [0x24070000, 0x24170000, 0x24170000)
  to   space 1024K,   0% used [0x24170000, 0x24170000, 0x24270000)
 tenured generation   total 20528K, used 16713K [0x28db0000, 0x2a1bc000, 0x33860000)
   the space 20528K,  81% used [0x28db0000, 0x29e025b0, 0x29e02600, 0x2a1bc000)
 compacting perm gen  total 12288K, used 9994K [0x33860000, 0x34460000, 0x37860000)
   the space 12288K,  81% used [0x33860000, 0x34222a98, 0x34222c00, 0x34460000)
    ro space 10240K,  45% used [0x37860000, 0x37ce73d8, 0x37ce7400, 0x38260000)
    rw space 12288K,  54% used [0x38260000, 0x388eacc8, 0x388eae00, 0x38e60000)

Card table byte_map: [0x00520000,0x005d0000] byte_map_base: 0x00403d00

Polling page: 0x00240000

Code Cache  [0x02010000, 0x021d8000, 0x04010000)
 total_blobs=1194 nmethods=806 adapters=322 free_code_cache=30947Kb largest_free_block=31689856

Compilation events (10 events):
Event: 8.097 Thread 0x00c7f400  810             java.nio.Buffer::limit (5 bytes)
Event: 8.097 Thread 0x00c7f400 nmethod 810 0x021d40c8 code [0x021d41c0, 0x021d4240]
Event: 8.105 Thread 0x00c7f400  811             java.awt.MultipleGradientPaintContext::indexIntoGradientsArrays (190 bytes)
Event: 8.105 Thread 0x00c7f400 nmethod 811 0x021d4288 code [0x021d4420, 0x021d4770]
Event: 8.105 Thread 0x00c7f400  812             java.awt.LinearGradientPaintContext::fillRaster (97 bytes)
Event: 8.106 Thread 0x00c7f400 nmethod 812 0x021d4b48 code [0x021d4c50, 0x021d4ddc]
Event: 8.107 Thread 0x00c7f400  813             java.awt.MultipleGradientPaintContext::interpolate (202 bytes)
Event: 8.107 Thread 0x00c7f400 nmethod 813 0x021d4f88 code [0x021d50f0, 0x021d5370]
Event: 8.110 Thread 0x00c7f400  814             java.awt.geom.AffineTransform::transform (662 bytes)
Event: 8.111 Thread 0x00c7f400 nmethod 814 0x021d5488 code [0x021d5640, 0x021d5f74]

GC Heap History (10 events):
Event: 4.520 GC heap before
{Heap before GC invocations=9 (full 0):
 def new generation   total 4928K, used 4775K [0x23860000, 0x23db0000, 0x28db0000)
  eden space 4416K, 100% used [0x23860000, 0x23cb0000, 0x23cb0000)
  from space 512K,  70% used [0x23d30000, 0x23d89d58, 0x23db0000)
  to   space 512K,   0% used [0x23cb0000, 0x23cb0000, 0x23d30000)
 tenured generation   total 10944K, used 7483K [0x28db0000, 0x29860000, 0x33860000)
   the space 10944K,  68% used [0x28db0000, 0x294fecf0, 0x294fee00, 0x29860000)
 compacting perm gen  total 12288K, used 9584K [0x33860000, 0x34460000, 0x37860000)
   the space 12288K,  77% used [0x33860000, 0x341bc190, 0x341bc200, 0x34460000)
    ro space 10240K,  45% used [0x37860000, 0x37ce73d8, 0x37ce7400, 0x38260000)
    rw space 12288K,  54% used [0x38260000, 0x388eacc8, 0x388eae00, 0x38e60000)
Event: 4.525 GC heap after
Heap after GC invocations=10 (full 0):
 def new generation   total 4928K, used 425K [0x23860000, 0x23db0000, 0x28db0000)
  eden space 4416K,   0% used [0x23860000, 0x23860000, 0x23cb0000)
  from space 512K,  83% used [0x23cb0000, 0x23d1a740, 0x23d30000)
  to   space 512K,   0% used [0x23d30000, 0x23d30000, 0x23db0000)
 tenured generation   total 10944K, used 7824K [0x28db0000, 0x29860000, 0x33860000)
   the space 10944K,  71% used [0x28db0000, 0x29554038, 0x29554200, 0x29860000)
 compacting perm gen  total 12288K, used 9584K [0x33860000, 0x34460000, 0x37860000)
   the space 12288K,  77% used [0x33860000, 0x341bc190, 0x341bc200, 0x34460000)
    ro space 10240K,  45% used [0x37860000, 0x37ce73d8, 0x37ce7400, 0x38260000)
    rw space 12288K,  54% used [0x38260000, 0x388eacc8, 0x388eae00, 0x38e60000)
}
Event: 6.641 GC heap before
{Heap before GC invocations=10 (full 0):
 def new generation   total 4928K, used 4474K [0x23860000, 0x23db0000, 0x28db0000)
  eden space 4416K,  91% used [0x23860000, 0x23c542c0, 0x23cb0000)
  from space 512K,  83% used [0x23cb0000, 0x23d1a740, 0x23d30000)
  to   space 512K,   0% used [0x23d30000, 0x23d30000, 0x23db0000)
 tenured generation   total 10944K, used 7824K [0x28db0000, 0x29860000, 0x33860000)
   the space 10944K,  71% used [0x28db0000, 0x29554038, 0x29554200, 0x29860000)
 compacting perm gen  total 12288K, used 9743K [0x33860000, 0x34460000, 0x37860000)
   the space 12288K,  79% used [0x33860000, 0x341e3e20, 0x341e4000, 0x34460000)
    ro space 10240K,  45% used [0x37860000, 0x37ce73d8, 0x37ce7400, 0x38260000)
    rw space 12288K,  54% used [0x38260000, 0x388eacc8, 0x388eae00, 0x38e60000)
Event: 6.649 GC heap after
Heap after GC invocations=11 (full 0):
 def new generation   total 4928K, used 511K [0x23860000, 0x23db0000, 0x28db0000)
  eden space 4416K,   0% used [0x23860000, 0x23860000, 0x23cb0000)
  from space 512K,  99% used [0x23d30000, 0x23dafe38, 0x23db0000)
  to   space 512K,   0% used [0x23cb0000, 0x23cb0000, 0x23d30000)
 tenured generation   total 10944K, used 10140K [0x28db0000, 0x29860000, 0x33860000)
   the space 10944K,  92% used [0x28db0000, 0x29797360, 0x29797400, 0x29860000)
 compacting perm gen  total 12288K, used 9743K [0x33860000, 0x34460000, 0x37860000)
   the space 12288K,  79% used [0x33860000, 0x341e3e20, 0x341e4000, 0x34460000)
    ro space 10240K,  45% used [0x37860000, 0x37ce73d8, 0x37ce7400, 0x38260000)
    rw space 12288K,  54% used [0x38260000, 0x388eacc8, 0x388eae00, 0x38e60000)
}
Event: 6.676 GC heap before
{Heap before GC invocations=11 (full 0):
 def new generation   total 4928K, used 4927K [0x23860000, 0x23db0000, 0x28db0000)
  eden space 4416K, 100% used [0x23860000, 0x23cb0000, 0x23cb0000)
  from space 512K,  99% used [0x23d30000, 0x23dafe38, 0x23db0000)
  to   space 512K,   0% used [0x23cb0000, 0x23cb0000, 0x23d30000)
 tenured generation   total 10944K, used 10140K [0x28db0000, 0x29860000, 0x33860000)
   the space 10944K,  92% used [0x28db0000, 0x29797360, 0x29797400, 0x29860000)
 compacting perm gen  total 12288K, used 9799K [0x33860000, 0x34460000, 0x37860000)
   the space 12288K,  79% used [0x33860000, 0x341f1ce8, 0x341f1e00, 0x34460000)
    ro space 10240K,  45% used [0x37860000, 0x37ce73d8, 0x37ce7400, 0x38260000)
    rw space 12288K,  54% used [0x38260000, 0x388eacc8, 0x388eae00, 0x38e60000)
Event: 6.741 GC heap after
Heap after GC invocations=12 (full 1):
 def new generation   total 9280K, used 0K [0x23860000, 0x24270000, 0x28db0000)
  eden space 8256K,   0% used [0x23860000, 0x23860000, 0x24070000)
  from space 1024K,   0% used [0x24070000, 0x24070000, 0x24170000)
  to   space 1024K,   0% used [0x24170000, 0x24170000, 0x24270000)
 tenured generation   total 20528K, used 12315K [0x28db0000, 0x2a1bc000, 0x33860000)
   the space 20528K,  59% used [0x28db0000, 0x299b6f90, 0x299b7000, 0x2a1bc000)
 compacting perm gen  total 12288K, used 9799K [0x33860000, 0x34460000, 0x37860000)
   the space 12288K,  79% used [0x33860000, 0x341f1ce8, 0x341f1e00, 0x34460000)
    ro space 10240K,  45% used [0x37860000, 0x37ce73d8, 0x37ce7400, 0x38260000)
    rw space 12288K,  54% used [0x38260000, 0x388eacc8, 0x388eae00, 0x38e60000)
}
Event: 6.941 GC heap before
{Heap before GC invocations=12 (full 1):
 def new generation   total 9280K, used 8256K [0x23860000, 0x24270000, 0x28db0000)
  eden space 8256K, 100% used [0x23860000, 0x24070000, 0x24070000)
  from space 1024K,   0% used [0x24070000, 0x24070000, 0x24170000)
  to   space 1024K,   0% used [0x24170000, 0x24170000, 0x24270000)
 tenured generation   total 20528K, used 12315K [0x28db0000, 0x2a1bc000, 0x33860000)
   the space 20528K,  59% used [0x28db0000, 0x299b6f90, 0x299b7000, 0x2a1bc000)
 compacting perm gen  total 12288K, used 9901K [0x33860000, 0x34460000, 0x37860000)
   the space 12288K,  80% used [0x33860000, 0x3420b580, 0x3420b600, 0x34460000)
    ro space 10240K,  45% used [0x37860000, 0x37ce73d8, 0x37ce7400, 0x38260000)
    rw space 12288K,  54% used [0x38260000, 0x388eacc8, 0x388eae00, 0x38e60000)
Event: 6.948 GC heap after
Heap after GC invocations=13 (full 1):
 def new generation   total 9280K, used 1024K [0x23860000, 0x24270000, 0x28db0000)
  eden space 8256K,   0% used [0x23860000, 0x23860000, 0x24070000)
  from space 1024K, 100% used [0x24170000, 0x24270000, 0x24270000)
  to   space 1024K,   0% used [0x24070000, 0x24070000, 0x24170000)
 tenured generation   total 20528K, used 14118K [0x28db0000, 0x2a1bc000, 0x33860000)
   the space 20528K,  68% used [0x28db0000, 0x29b79ab0, 0x29b79c00, 0x2a1bc000)
 compacting perm gen  total 12288K, used 9901K [0x33860000, 0x34460000, 0x37860000)
   the space 12288K,  80% used [0x33860000, 0x3420b580, 0x3420b600, 0x34460000)
    ro space 10240K,  45% used [0x37860000, 0x37ce73d8, 0x37ce7400, 0x38260000)
    rw space 12288K,  54% used [0x38260000, 0x388eacc8, 0x388eae00, 0x38e60000)
}
Event: 7.104 GC heap before
{Heap before GC invocations=13 (full 1):
 def new generation   total 9280K, used 9280K [0x23860000, 0x24270000, 0x28db0000)
  eden space 8256K, 100% used [0x23860000, 0x24070000, 0x24070000)
  from space 1024K, 100% used [0x24170000, 0x24270000, 0x24270000)
  to   space 1024K,   0% used [0x24070000, 0x24070000, 0x24170000)
 tenured generation   total 20528K, used 14118K [0x28db0000, 0x2a1bc000, 0x33860000)
   the space 20528K,  68% used [0x28db0000, 0x29b79ab0, 0x29b79c00, 0x2a1bc000)
 compacting perm gen  total 12288K, used 9984K [0x33860000, 0x34460000, 0x37860000)
   the space 12288K,  81% used [0x33860000, 0x34220048, 0x34220200, 0x34460000)
    ro space 10240K,  45% used [0x37860000, 0x37ce73d8, 0x37ce7400, 0x38260000)
    rw space 12288K,  54% used [0x38260000, 0x388eacc8, 0x388eae00, 0x38e60000)
Event: 7.115 GC heap after
Heap after GC invocations=14 (full 1):
 def new generation   total 9280K, used 1024K [0x23860000, 0x24270000, 0x28db0000)
  eden space 8256K,   0% used [0x23860000, 0x23860000, 0x24070000)
  from space 1024K, 100% used [0x24070000, 0x24170000, 0x24170000)
  to   space 1024K,   0% used [0x24170000, 0x24170000, 0x24270000)
 tenured generation   total 20528K, used 16713K [0x28db0000, 0x2a1bc000, 0x33860000)
   the space 20528K,  81% used [0x28db0000, 0x29e025b0, 0x29e02600, 0x2a1bc000)
 compacting perm gen  total 12288K, used 9984K [0x33860000, 0x34460000, 0x37860000)
   the space 12288K,  81% used [0x33860000, 0x34220048, 0x34220200, 0x34460000)
    ro space 10240K,  45% used [0x37860000, 0x37ce73d8, 0x37ce7400, 0x38260000)
    rw space 12288K,  54% used [0x38260000, 0x388eacc8, 0x388eae00, 0x38e60000)
}

Deoptimization events (0 events):
No events

Internal exceptions (10 events):
Event: 7.032 Thread 0x01171000 Threw 0x23b82a90 at C:\jdk7u2_32P\jdk7u17\hotspot\src\share\vm\prims\jvm.cpp:1166
Event: 7.032 Thread 0x01171000 Threw 0x23b84808 at C:\jdk7u2_32P\jdk7u17\hotspot\src\share\vm\prims\jvm.cpp:1166
Event: 7.032 Thread 0x01171000 Threw 0x23b85a30 at C:\jdk7u2_32P\jdk7u17\hotspot\src\share\vm\prims\jvm.cpp:1166
Event: 7.032 Thread 0x01171000 Threw 0x23b87868 at C:\jdk7u2_32P\jdk7u17\hotspot\src\share\vm\prims\jvm.cpp:1166
Event: 7.032 Thread 0x01171000 Threw 0x23b88b78 at C:\jdk7u2_32P\jdk7u17\hotspot\src\share\vm\prims\jvm.cpp:1166
Event: 7.049 Thread 0x0116bc00 Threw 0x23c38b50 at C:\jdk7u2_32P\jdk7u17\hotspot\src\share\vm\prims\jvm.cpp:1166
Event: 7.050 Thread 0x0116bc00 Threw 0x23c9b820 at C:\jdk7u2_32P\jdk7u17\hotspot\src\share\vm\prims\jvm.cpp:1166
Event: 7.051 Thread 0x0116bc00 Threw 0x23c9e6d0 at C:\jdk7u2_32P\jdk7u17\hotspot\src\share\vm\prims\jvm.cpp:1166
Event: 8.112 Thread 0x0116bc00 Threw 0x23e7eee0 at C:\jdk7u2_32P\jdk7u17\hotspot\src\share\vm\prims\jvm.cpp:1166
Event: 8.116 Thread 0x01171000 Threw 0x23e830c0 at C:\jdk7u2_32P\jdk7u17\hotspot\src\share\vm\prims\jni.cpp:1597

Events (10 events):
Event: 7.152 Executing VM operation: BulkRevokeBias
Event: 7.152 Executing VM operation: BulkRevokeBias done
Event: 8.103 loading class 0x04eee8e8
Event: 8.103 loading class 0x050754c0
Event: 8.103 loading class 0x050754c0 done
Event: 8.103 loading class 0x04eee8e8 done
Event: 8.112 loading class 0x04fee2b8
Event: 8.112 loading class 0x04fee2b8 done
Event: 8.112 Executing VM operation: RevokeBias
Event: 8.112 Executing VM operation: RevokeBias done


Dynamic libraries:
0x013e0000 - 0x0140f000 	E:\Program Files\Java\jdk1.7.0_17\bin\java.exe
0x779e0000 - 0x77b1c000 	C:\Windows\SYSTEM32\ntdll.dll
0x76130000 - 0x76204000 	C:\Windows\system32\kernel32.dll
0x75c20000 - 0x75c6b000 	C:\Windows\system32\KERNELBASE.dll
0x76fc0000 - 0x77060000 	C:\Windows\system32\ADVAPI32.dll
0x76080000 - 0x7612c000 	C:\Windows\system32\msvcrt.dll
0x77470000 - 0x77489000 	C:\Windows\SYSTEM32\sechost.dll
0x777d0000 - 0x77871000 	C:\Windows\system32\RPCRT4.dll
0x776b0000 - 0x77779000 	C:\Windows\system32\USER32.dll
0x75e80000 - 0x75ece000 	C:\Windows\system32\GDI32.dll
0x75e70000 - 0x75e7a000 	C:\Windows\system32\LPK.dll
0x77490000 - 0x7752d000 	C:\Windows\system32\USP10.dll
0x74460000 - 0x745fe000 	C:\Windows\WinSxS\x86_microsoft.windows.common-controls_6595b64144ccf1df_6.0.7601.17514_none_41e6975e2bd6f2b2\COMCTL32.dll
0x77530000 - 0x77587000 	C:\Windows\system32\SHLWAPI.dll
0x75aa0000 - 0x75aec000 	C:\Windows\system32\apphelp.dll
0x5c500000 - 0x5c58d000 	C:\Windows\AppPatch\AcLayers.DLL
0x75a80000 - 0x75a9b000 	C:\Windows\system32\SspiCli.dll
0x76370000 - 0x76fba000 	C:\Windows\system32\SHELL32.dll
0x77880000 - 0x779dc000 	C:\Windows\system32\ole32.dll
0x77b50000 - 0x77bdf000 	C:\Windows\system32\OLEAUT32.dll
0x75190000 - 0x751a7000 	C:\Windows\system32\USERENV.dll
0x75b70000 - 0x75b7b000 	C:\Windows\system32\profapi.dll
0x750c0000 - 0x75111000 	C:\Windows\system32\WINSPOOL.DRV
0x6fe10000 - 0x6fe22000 	C:\Windows\system32\MPR.dll
0x77b20000 - 0x77b3f000 	C:\Windows\system32\IMM32.DLL
0x76210000 - 0x762dc000 	C:\Windows\system32\MSCTF.dll
0x5c380000 - 0x5c43e000 	E:\Program Files\Java\jdk1.7.0_17\jre\bin\msvcr100.dll
0x57530000 - 0x5787c000 	E:\Program Files\Java\jdk1.7.0_17\jre\bin\client\jvm.dll
0x6f6c0000 - 0x6f6c7000 	C:\Windows\system32\WSOCK32.dll
0x77060000 - 0x77095000 	C:\Windows\system32\WS2_32.dll
0x77b40000 - 0x77b46000 	C:\Windows\system32\NSI.dll
0x73ba0000 - 0x73bd2000 	C:\Windows\system32\WINMM.dll
0x76070000 - 0x76075000 	C:\Windows\system32\PSAPI.DLL
0x74d30000 - 0x74d3c000 	E:\Program Files\Java\jdk1.7.0_17\jre\bin\verify.dll
0x68520000 - 0x68540000 	E:\Program Files\Java\jdk1.7.0_17\jre\bin\java.dll
0x64ac0000 - 0x64ad3000 	E:\Program Files\Java\jdk1.7.0_17\jre\bin\zip.dll
0x596e0000 - 0x5979e000 	E:\Program Files\Java\jdk1.7.0_17\bin\msvcr100.dll
0x5c5a0000 - 0x5c5c7000 	E:\Program Files\Java\jdk1.7.0_17\jre\bin\glass.dll
0x762f0000 - 0x7636b000 	C:\Windows\system32\COMDLG32.dll
0x5dbb0000 - 0x5dc53000 	C:\ProgramData\Tencent\TSVulFw\TSVulFW.DAT
0x75120000 - 0x75129000 	C:\Windows\system32\VERSION.dll
0x770a0000 - 0x771bb000 	C:\Windows\system32\WININET.dll
0x762e0000 - 0x762e3000 	C:\Windows\system32\Normaliz.dll
0x772b0000 - 0x77469000 	C:\Windows\system32\iertutil.dll
0x77590000 - 0x776a1000 	C:\Windows\system32\urlmon.dll
0x73e10000 - 0x73e2d000 	D:\Program Files\QQPCMgr\7.6.8687.221\QMIpc.dll
0x74fa0000 - 0x75027000 	C:\Windows\WinSxS\x86_microsoft.vc80.crt_1fc8b3b9a1e18e3b_8.0.50727.6195_none_d09154e044272b9a\MSVCP80.dll
0x74f00000 - 0x74f9b000 	C:\Windows\WinSxS\x86_microsoft.vc80.crt_1fc8b3b9a1e18e3b_8.0.50727.6195_none_d09154e044272b9a\MSVCR80.dll
0x75af0000 - 0x75afc000 	C:\Windows\system32\CRYPTBASE.dll
0x10000000 - 0x1000f000 	D:\Program Files\Youdao\Dict4\5.4.43.3217\WordStrokeHelper32.dll
0x61f20000 - 0x61f34000 	E:\Program Files\Java\jdk1.7.0_17\jre\bin\net.dll
0x755e0000 - 0x7561c000 	C:\Windows\system32\mswsock.dll
0x755d0000 - 0x755d6000 	C:\Windows\System32\wship6.dll
0x73670000 - 0x7367e000 	E:\Program Files\Java\jdk1.7.0_17\jre\bin\nio.dll
0x718d0000 - 0x718d6000 	C:\Windows\System32\wshqos.dll
0x74d60000 - 0x74d65000 	C:\Windows\system32\wshtcpip.DLL
0x754a0000 - 0x754e4000 	C:\Windows\system32\DNSAPI.dll
0x6de80000 - 0x6dea1000 	C:\Program Files\Bonjour\mdnsNSP.dll
0x74e10000 - 0x74e2c000 	C:\Windows\system32\Iphlpapi.DLL
0x74e00000 - 0x74e07000 	C:\Windows\system32\WINNSI.DLL
0x6de50000 - 0x6de77000 	C:\Program Files\Common Files\Microsoft Shared\Windows Live\WLIDNSP.DLL
0x6ddf0000 - 0x6ddf6000 	C:\Windows\system32\rasadhlp.dll
0x73000000 - 0x73038000 	C:\Windows\System32\fwpuclnt.dll
0x77220000 - 0x772a3000 	C:\Windows\system32\CLBCatQ.DLL
0x74020000 - 0x74150000 	C:\Windows\system32\WindowsCodecs.dll
0x6d0d0000 - 0x6d124000 	C:\Users\wwh\AppData\Roaming\Kanbox Network\Kanbox\Application\ShellExt\SyncStateExt.dll
0x6d050000 - 0x6d0c6000 	C:\Users\wwh\AppData\Roaming\115\Box\Sync115Ext.dll
0x04470000 - 0x044a8000 	D:\Program Files\QvodPlayer\QvodExtend\5.0.83.0\QvodExtend.dll
0x044e0000 - 0x04502000 	C:\Users\wwh\AppData\Roaming\Dropbox\bin\DropboxExt.17.dll
0x6ee10000 - 0x6eefb000 	C:\Windows\system32\dbghelp.dll
0x6f220000 - 0x6f2ae000 	C:\Windows\WinSxS\x86_microsoft.vc90.crt_1fc8b3b9a1e18e3b_9.0.30729.6161_none_50934f2ebcb7eb57\MSVCP90.dll
0x6f170000 - 0x6f213000 	C:\Windows\WinSxS\x86_microsoft.vc90.crt_1fc8b3b9a1e18e3b_9.0.30729.6161_none_50934f2ebcb7eb57\MSVCR90.dll
0x5c2c0000 - 0x5c2e1000 	C:\Program Files\Common Files\Microsoft Shared\Ink\rtscom.dll
0x04890000 - 0x048c8000 	C:\Program Files\Lenovo\Bluetooth Software\btmmhook.dll
0x5c280000 - 0x5c2bd000 	E:\Program Files\Java\jdk1.7.0_17\jre\bin\javafx-font.dll
0x597f0000 - 0x5985f000 	E:\Program Files\Java\jdk1.7.0_17\jre\bin\libxml2.dll
0x59e50000 - 0x59e78000 	E:\Program Files\Java\jdk1.7.0_17\jre\bin\libxslt.dll
0x55e70000 - 0x569cf000 	E:\Program Files\Java\jdk1.7.0_17\jre\bin\jfxwebkit.dll
0x75620000 - 0x75636000 	C:\Windows\system32\CRYPTSP.dll
0x753c0000 - 0x753fb000 	C:\Windows\system32\rsaenh.dll
0x58ce0000 - 0x58e22000 	E:\Program Files\Java\jdk1.7.0_17\jre\bin\awt.dll
0x741a0000 - 0x741b3000 	C:\Windows\system32\DWMAPI.DLL
0x5e160000 - 0x5e184000 	E:\Program Files\Java\jdk1.7.0_17\jre\bin\dcpr.dll
0x5e6c0000 - 0x5e6ea000 	E:\Program Files\Java\jdk1.7.0_17\jre\bin\fontmanager.dll
0x5c480000 - 0x5c4b1000 	E:\Program Files\Java\jdk1.7.0_17\jre\bin\t2k.dll
0x5a1b0000 - 0x5a1c1000 	E:\Program Files\Java\jdk1.7.0_17\jre\bin\decora-sse.dll

VM Arguments:
jvm_args: -Dfile.encoding=UTF-8 
java_command: com.mss.tuess.start.TUESS
Launcher Type: SUN_STANDARD

Environment Variables:
JAVA_HOME=E:\Program Files\Java\jdk1.7.0_17
CLASSPATH=.;E:\Program Files\Java\jdk1.7.0_17/lib/dt.jar;E:\Program Files\Java\jdk1.7.0_17/lib/tools.jar;C:\Program Files\Java\jre7\lib\ext\QTJava.zip
PATH=C:\Program Files\PC Connectivity Solution\;C:\Program Files\NVIDIA Corporation\PhysX\Common;E:\Program Files\Java\jdk1.7.0_17/bin;E:\Program Files\Java\jdk1.7.0_17/jre/bin;C:\Windows\System32\cmd.exe;C:\Program Files\Common Files\Microsoft Shared\Windows Live;E:\Program Files\MySQL\MySQL Server 5.5\bin;C:\Program Files\Microsoft SQL Server\100\Tools\Binn\;C:\Program Files\Microsoft SQL Server\100\DTS\Binn\;C:\Program Files\Windows Live\Shared;C:\Windows\system32;C:\Program Files\Common Files\Thunder Network\KanKan\Codecs;C:\Program Files\QuickTime\QTSystem\;E:\Program Files\Rational\common;D:\Program Files\Google\google_appengine\
USERNAME=wwh
OS=Windows_NT
PROCESSOR_IDENTIFIER=x86 Family 6 Model 23 Stepping 10, GenuineIntel



---------------  S Y S T E M  ---------------

OS: Windows 7 Build 7601 Service Pack 1

CPU:total 2 (2 cores per cpu, 1 threads per core) family 6 model 23 stepping 10, cmov, cx8, fxsr, mmx, sse, sse2, sse3, ssse3, sse4.1, tsc

Memory: 4k page, physical 3109480k(807432k free), swap 6217208k(2143520k free)

vm_info: Java HotSpot(TM) Client VM (23.7-b01) for windows-x86 JRE (1.7.0_17-b02), built on Mar  1 2013 05:04:36 by "java_re" with unknown MS VC++:1600

time: Wed Apr 24 03:31:40 2013
elapsed time: 8 seconds

